<?xml version="1.0" encoding="UTF-8"?>
<!-- Generated by org.testng.reporters.JUnitReportReporter -->
<testsuite skipped="0" hostname="UE-PC" name="a2z.Testcases.ChatTest" tests="1" failures="0" timestamp="2020-04-22T13:42:06 IST" time="73.388" errors="0">
  <testcase name="ChatMethod" time="73.388" classname="a2z.Testcases.ChatTest"/>
</testsuite> <!-- a2z.Testcases.ChatTest -->
