<?xml version="1.0" encoding="UTF-8"?>
<!-- Generated by org.testng.reporters.JUnitReportReporter -->
<testsuite skipped="0" hostname="UE-PC" name="a2z.Testcases.SupportTest" tests="1" failures="0" timestamp="2020-04-22T12:20:09 IST" time="55.926" errors="0">
  <testcase name="SupportMethod" time="55.926" classname="a2z.Testcases.SupportTest"/>
</testsuite> <!-- a2z.Testcases.SupportTest -->
