<?xml version="1.0" encoding="UTF-8"?>
<!-- Generated by org.testng.reporters.JUnitReportReporter -->
<testsuite skipped="0" hostname="UE-PC" name="a2z.Testcases.ShuffleCustomerTest" tests="1" failures="0" timestamp="2020-04-22T17:15:26 IST" time="66.323" errors="0">
  <testcase name="Shufflecustomer" time="66.323" classname="a2z.Testcases.ShuffleCustomerTest"/>
</testsuite> <!-- a2z.Testcases.ShuffleCustomerTest -->
