<?xml version="1.0" encoding="UTF-8"?>
<!-- Generated by org.testng.reporters.JUnitReportReporter -->
<testsuite skipped="0" hostname="UE-PC" name="a2z.Testcases.LoginTest" tests="1" failures="0" timestamp="2020-04-16T12:55:33 IST" time="47.841" errors="0">
  <testcase name="login" time="47.841" classname="a2z.Testcases.LoginTest"/>
</testsuite> <!-- a2z.Testcases.LoginTest -->
