<?xml version="1.0" encoding="UTF-8"?>
<!-- Generated by org.testng.reporters.JUnitReportReporter -->
<testsuite skipped="0" hostname="UE-PC" name="a2z.Testcases.SearchCollectionTest" tests="1" failures="0" timestamp="2020-04-23T16:29:12 IST" time="62.599" errors="0">
  <testcase name="SearchingCollection" time="62.599" classname="a2z.Testcases.SearchCollectionTest"/>
</testsuite> <!-- a2z.Testcases.SearchCollectionTest -->
