<?xml version="1.0" encoding="UTF-8"?>
<!-- Generated by org.testng.reporters.JUnitReportReporter -->
<testsuite skipped="0" hostname="UE-PC" name="a2z.Testcases.DeliverySummaryTest" tests="1" failures="0" timestamp="2020-04-23T17:06:00 IST" time="64.631" errors="0">
  <testcase name="DeliverySummaryPage" time="64.631" classname="a2z.Testcases.DeliverySummaryTest"/>
</testsuite> <!-- a2z.Testcases.DeliverySummaryTest -->
