<?xml version="1.0" encoding="UTF-8"?>
<!-- Generated by org.testng.reporters.JUnitReportReporter -->
<testsuite skipped="0" hostname="UE-PC" name="a2z.Testcases.CollectionModificationTest" tests="1" failures="0" timestamp="2020-04-20T16:18:34 IST" time="65.031" errors="0">
  <testcase name="CollectionModify" time="65.031" classname="a2z.Testcases.CollectionModificationTest"/>
</testsuite> <!-- a2z.Testcases.CollectionModificationTest -->
