<?xml version="1.0" encoding="UTF-8"?>
<!-- Generated by org.testng.reporters.JUnitReportReporter -->
<testsuite skipped="0" hostname="UE-PC" name="a2z.Testcases.NotificationsTest" tests="1" failures="0" timestamp="2020-04-21T16:29:56 IST" time="52.030" errors="0">
  <testcase name="NotificationRead" time="52.030" classname="a2z.Testcases.NotificationsTest"/>
</testsuite> <!-- a2z.Testcases.NotificationsTest -->
