<?xml version="1.0" encoding="UTF-8"?>
<!-- Generated by org.testng.reporters.JUnitReportReporter -->
<testsuite skipped="0" hostname="UE-PC" name="a2z.Testcases.DeliveryModificationTest" tests="1" failures="0" timestamp="2020-04-17T17:39:27 IST" time="84.296" errors="0">
  <testcase name="DeliveryModify" time="84.296" classname="a2z.Testcases.DeliveryModificationTest"/>
</testsuite> <!-- a2z.Testcases.DeliveryModificationTest -->
