<?xml version="1.0" encoding="UTF-8"?>
<!-- Generated by org.testng.reporters.JUnitReportReporter -->
<testsuite skipped="0" hostname="UE-PC" name="a2z.Testcases.MulDeliveryConfirmTest" tests="1" failures="0" timestamp="2020-04-21T11:12:45 IST" time="70.153" errors="0">
  <testcase name="DeliveryConfirm" time="70.153" classname="a2z.Testcases.MulDeliveryConfirmTest"/>
</testsuite> <!-- a2z.Testcases.MulDeliveryConfirmTest -->
