<?xml version="1.0" encoding="UTF-8"?>
<!-- Generated by org.testng.reporters.JUnitReportReporter -->
<testsuite skipped="0" hostname="UE-PC" name="a2z.Testcases.SingleDeliveryConfirmTest" tests="1" failures="0" timestamp="2020-04-17T16:41:51 IST" time="69.505" errors="0">
  <testcase name="EditProfile" time="69.505" classname="a2z.Testcases.SingleDeliveryConfirmTest"/>
</testsuite> <!-- a2z.Testcases.SingleDeliveryConfirmTest -->
