<?xml version="1.0" encoding="UTF-8"?>
<!-- Generated by org.testng.reporters.JUnitReportReporter -->
<testsuite skipped="0" hostname="UE-PC" name="a2z.Testcases.LogoutTest" tests="1" failures="0" timestamp="2020-04-22T16:03:19 IST" time="50.540" errors="0">
  <testcase name="LogoutMethod" time="50.540" classname="a2z.Testcases.LogoutTest"/>
</testsuite> <!-- a2z.Testcases.LogoutTest -->
