<?xml version="1.0" encoding="UTF-8"?>
<!-- Generated by org.testng.reporters.JUnitReportReporter -->
<testsuite skipped="0" hostname="UE-PC" name="a2z.Testcases.LogoTest" tests="1" failures="0" timestamp="2020-04-23T15:28:30 IST" time="56.784" errors="0">
  <testcase name="LogoVerification" time="56.784" classname="a2z.Testcases.LogoTest"/>
</testsuite> <!-- a2z.Testcases.LogoTest -->
