<?xml version="1.0" encoding="UTF-8"?>
<!-- Generated by org.testng.reporters.JUnitReportReporter -->
<testsuite skipped="0" hostname="UE-PC" name="a2z.Testcases.FAQTest" tests="1" failures="0" timestamp="2020-04-22T15:38:19 IST" time="58.497" errors="0">
  <testcase name="FAQMethod" time="58.497" classname="a2z.Testcases.FAQTest"/>
</testsuite> <!-- a2z.Testcases.FAQTest -->
