<?xml version="1.0" encoding="UTF-8"?>
<!-- Generated by org.testng.reporters.JUnitReportReporter -->
<testsuite skipped="0" hostname="UE-PC" name="a2z.Testcases.EditprofileTest" tests="1" failures="0" timestamp="2020-04-17T12:46:09 IST" time="56.915" errors="0">
  <testcase name="login" time="56.915" classname="a2z.Testcases.EditprofileTest"/>
</testsuite> <!-- a2z.Testcases.EditprofileTest -->
