<?xml version="1.0" encoding="UTF-8"?>
<!-- Generated by org.testng.reporters.JUnitReportReporter -->
<testsuite skipped="0" hostname="UE-PC" name="a2z.Testcases.SingleDeliveryCancelTest" tests="1" failures="0" timestamp="2020-04-24T17:31:55 IST" time="66.696" errors="0">
  <testcase name="DeliveryCancel" time="66.696" classname="a2z.Testcases.SingleDeliveryCancelTest"/>
</testsuite> <!-- a2z.Testcases.SingleDeliveryCancelTest -->
